<?xml version="1.0" encoding="UTF-8"?>
<testsuite xmlns:xsi="http://www.w3.org/2001/XMLSchema-instance" xsi:noNamespaceSchemaLocation="https://maven.apache.org/surefire/maven-surefire-plugin/xsd/surefire-test-report-3.0.xsd" version="3.0" name="com.eightfold.transformer.NormalizerTest" time="0.016" tests="14" errors="0" skipped="0" failures="0">
  <properties>
[...]
</properties>
  <testcase name="date_alreadyYYYYMM" classname="com.eightfold.transformer.NormalizerTest" time="0.004"/>
  <testcase name="country_fullNameToAlpha2" classname="com.eightfold.transformer.NormalizerTest" time="0.0"/>
  <testcase name="phone_formattedToE164" classname="com.eightfold.transformer.NormalizerTest" time="0.003"/>
  <testcase name="date_yearOnly" classname="com.eightfold.transformer.NormalizerTest" time="0.001"/>
  <testcase name="phone_nullReturnsEmpty" classname="com.eightfold.transformer.NormalizerTest" time="0.0"/>
  <testcase name="email_invalidReturnsEmpty" classname="com.eightfold.transformer.NormalizerTest" time="0.0"/>
  <testcase name="email_lowercasesAndStrips" classname="com.eightfold.transformer.NormalizerTest" time="0.0"/>
  <testcase name="phone_invalidReturnsEmpty" classname="com.eightfold.transformer.NormalizerTest" time="0.0"/>
  <testcase name="email_nullReturnsEmpty" classname="com.eightfold.transformer.NormalizerTest" time="0.0"/>
  <testcase name="phone_alreadyE164Passthrough" classname="com.eightfold.transformer.NormalizerTest" time="0.001"/>
  <testcase name="country_alpha2Passthrough" classname="com.eightfold.transformer.NormalizerTest" time="0.0"/>
  <testcase name="country_unknownReturnsEmpty" classname="com.eightfold.transformer.NormalizerTest" time="0.0"/>
  <testcase name="date_monthYear" classname="com.eightfold.transformer.NormalizerTest" time="0.003"/>
  <testcase name="date_garbageReturnsEmpty" classname="com.eightfold.transformer.NormalizerTest" time="0.001"/>
</testsuite>